<?xml version="1.0" encoding="UTF-8"?>
<!-- Generated by org.testng.reporters.JUnitReportReporter -->
<testsuite skipped="0" hostname="Dhruvs-Air" name="TestCases" tests="7" failures="0" timestamp="2021-06-14T14:22:07 EDT" time="10.273" errors="0">
  <testcase name="all_Character_Valid_Test" time="4.673" classname="TestCases"/>
  <system-out/>
  <testcase name="all_Character_Invalid_Test" time="1.046" classname="TestCases"/>
  <system-out/>
  <testcase name="Blank_Search" time="1.643" classname="TestCases"/>
  <system-out/>
  <testcase name="specific_Character_Valid_Test" time="0.712" classname="TestCases"/>
  <system-out/>
  <testcase name="specific_Character_Invalid_Test" time="0.807" classname="TestCases"/>
  <system-out/>
  <testcase name="search_Planets_Valid_Test" time="0.695" classname="TestCases"/>
  <system-out/>
  <testcase name="search_Planets_Invalid_Test" time="0.697" classname="TestCases"/>
  <system-out/>
</testsuite> <!-- TestCases -->
